\BOOKMARK [1][]{section*.1}{\376\377\000A\000n\000a\000l\000o\000g\000\040\000I\000n\000p\000u\000t\000s\000\040\000-\000\040\000M\000e\000a\000s\000u\000r\000e\000\040\000V\000o\000l\000t\000a\000g\000e\000s\000\040\000w\000i\000t\000h\000\040\0001\0002\000-\000b\000i\000t\000\040\000r\000e\000s\000o\000l\000u\000t\000i\000o\000n}{}% 1
\BOOKMARK [1][]{section*.2}{\376\377\000A\000n\000a\000l\000o\000g\000\040\000O\000u\000t\000p\000u\000t\000s}{}% 2
\BOOKMARK [2][]{section*.3}{\376\377\000W\000a\000v\000e\000f\000o\000r\000m\000\040\000G\000e\000n\000e\000r\000a\000t\000o\000r\000s}{section*.2}% 3
\BOOKMARK [2][]{section*.4}{\376\377\000P\000r\000o\000g\000r\000a\000m\000m\000a\000b\000l\000e\000\040\000V\000o\000l\000t\000a\000g\000e\000\040\000a\000n\000d\000\040\000C\000u\000r\000r\000e\000n\000t\000\040\000S\000o\000u\000r\000c\000e\000s\000\040\000\050\0001\0002\000-\000b\000i\000t\000\051}{section*.2}% 4
\BOOKMARK [1][]{section*.5}{\376\377\000D\000i\000g\000i\000t\000a\000l\000\040\000I\000n\000p\000u\000t\000s\000\040\000-\000\040\000M\000e\000a\000s\000u\000r\000e\000\040\000L\000o\000g\000i\000c\000\040\000L\000e\000v\000e\000l\000s\000\040\000w\000i\000t\000h\000\040\0001\0005\000n\000S\000\040\000r\000e\000s\000o\000l\000u\000t\000i\000o\000n}{}% 5
\BOOKMARK [2][]{section*.6}{\376\377\000L\000o\000g\000i\000c\000\040\000A\000n\000a\000l\000y\000z\000e\000r\000,\000\040\000F\000r\000e\000q\000u\000e\000n\000c\000y\000\040\000C\000o\000u\000n\000t\000e\000r\000,\000\040\000T\000i\000m\000i\000n\000g\000\040\000F\000u\000n\000c\000t\000i\000o\000n\000s}{section*.5}% 6
\BOOKMARK [1][]{section*.7}{\376\377\000D\000i\000g\000i\000t\000a\000l\000\040\000O\000u\000t\000p\000u\000t\000s\000\040}{}% 7
\BOOKMARK [2][]{section*.8}{\376\377\0004\000x\000\040\000P\000W\000M\000\040\000o\000u\000t\000p\000u\000t\000\040\000w\000i\000t\000h\000\040\0001\0005\000n\000S\000\040\000f\000r\000e\000q\000u\000e\000n\000c\000y\000,\000\040\000p\000h\000a\000s\000e\000,\000\040\000a\000n\000d\000\040\000D\000C\000y\000c\000l\000e\000\040\000c\000o\000n\000t\000r\000o\000l}{section*.7}% 8
\BOOKMARK [1][]{section*.9}{\376\377\000D\000a\000t\000a\000\040\000B\000u\000s\000e\000s\000\040\000-\000\040\000I\0002\000C\000\040\000,\000\040\000S\000P\000I\000,\000\040\000U\000A\000R\000T}{}% 9
\BOOKMARK [2][]{section*.10}{\376\377\000I\0002\000C\000\040\000\050\000I\000n\000t\000e\000r\000-\000I\000n\000t\000e\000g\000r\000a\000t\000e\000d\000\040\000C\000i\000r\000c\000u\000i\000t\000\051\000\040\000M\000a\000s\000t\000e\000r\000:\000\040\000U\000p\000\040\000t\000o\000\040\0004\000M\000H\000z\000\040\000C\000l\000o\000c\000k\000\040\000s\000p\000e\000e\000d}{section*.9}% 10
\BOOKMARK [2][]{section*.11}{\376\377\000S\000P\000I\000\050\000S\000e\000r\000i\000a\000l\000-\000P\000e\000r\000i\000p\000h\000e\000r\000a\000l\000\040\000I\000n\000t\000e\000r\000f\000a\000c\000e\000\051\000\040\000M\000a\000s\000t\000e\000r\000:\000\040\000A\000v\000a\000i\000l\000a\000b\000l\000e\000\040\000o\000n\000\040\000t\000h\000e\000\040\0002\0000\000-\000p\000i\000n\000\040\000E\000x\000p\000a\000n\000s\000i\000o\000n\000\040\000S\000l\000o\000t\000.\000\040\000S\000u\000p\000p\000o\000r\000t\000s\000\040\000a\000l\000l\000\040\000f\000o\000u\000r\000\040\000m\000o\000d\000e\000s\000\040\000o\000f\000\040\000o\000p\000e\000r\000a\000t\000i\000o\000n\000.}{section*.9}% 11
\BOOKMARK [1][]{section*.12}{\376\377\000A\000\040\000F\000e\000w\000\040\000D\000e\000f\000i\000n\000i\000t\000i\000o\000n\000s\000\040\000F\000o\000r\000\040\000T\000h\000e\000\040\000E\000x\000p\000a\000n\000s\000i\000o\000n\000\040\000s\000l\000o\000t}{}% 12
\BOOKMARK [1][]{section*.13}{\376\377\000A\000d\000d\000i\000t\000i\000o\000n\000a\000l\000\040\000N\000o\000m\000e\000n\000c\000l\000a\000t\000u\000r\000e\000\040}{}% 13
\BOOKMARK [1][]{section*.14}{\376\377\000P\000l\000u\000g\000\040\000a\000n\000d\000\040\000P\000l\000a\000y\000\040\000S\000e\000n\000s\000o\000r\000s}{}% 14
\BOOKMARK [1][]{section*.15}{\376\377\000W\000i\000r\000e\000l\000e\000s\000s\000\040\000S\000u\000b\000u\000n\000i\000t\000s\000\040\000:\000\040\0003\000-\000B\000y\000t\000e\000\040\000a\000d\000d\000r\000e\000s\000s\000e\000s\000\040\000[\000\040\000P\000u\000r\000c\000h\000a\000s\000e\000\040\000s\000e\000p\000a\000r\000a\000t\000e\000l\000y\000]}{}% 15
\BOOKMARK [1][]{section*.16}{\376\377\000C\000o\000n\000t\000r\000o\000l\000\040\000A\000n\000d\000\040\000M\000e\000a\000s\000u\000r\000e\000m\000e\000n\000t\000\040\000E\000q\000u\000i\000p\000m\000e\000n\000t\000\040\000S\000p\000e\000c\000i\000f\000i\000c\000a\000t\000i\000o\000n\000s}{}% 16
\BOOKMARK [1][]{section*.17}{\376\377\000C\000o\000n\000t\000r\000o\000l\000\040\000w\000i\000d\000g\000e\000t\000s\000\040}{}% 17
\BOOKMARK [2][]{section*.18}{\376\377\000V\000o\000l\000t\000a\000g\000e\000\040\000a\000n\000d\000\040\000c\000u\000r\000r\000e\000n\000t\000\040\000s\000o\000u\000r\000c\000e\000s}{section*.17}% 18
\BOOKMARK [2][]{section*.19}{\376\377\000A\000r\000b\000i\000t\000r\000a\000r\000y\000\040\000W\000a\000v\000e\000f\000o\000r\000m\000\040\000G\000e\000n\000e\000r\000a\000t\000o\000r\000s\000\040\000\050\000W\0001\000,\000W\0002\000\051}{section*.17}% 19
\BOOKMARK [2][]{section*.20}{\376\377\000P\000h\000a\000s\000e\000\040\000C\000o\000r\000r\000e\000l\000a\000t\000e\000d\000\040\000S\000q\000u\000a\000r\000e\000\040\000W\000a\000v\000e\000s\000\040\000\050\000S\000Q\0001\000,\000S\000Q\0002\000,\000S\000Q\0003\000,\000S\000Q\0004\000\051}{section*.17}% 20
\BOOKMARK [2][]{section*.21}{\376\377\000C\000h\000a\000n\000\040\0001\000\040\000:\000\040\000C\000h\000a\000n\000n\000e\000l\000\040\0001\000\040\000o\000f\000\040\000t\000h\000e\000\040\000o\000s\000c\000i\000l\000l\000o\000s\000c\000o\000p\000e}{section*.17}% 21
\BOOKMARK [2][]{section*.22}{\376\377\000C\000h\000a\000n\000\040\0002\000\040\000:\000\040\000C\000h\000a\000n\000n\000e\000l\000\040\0002\000\040\000o\000f\000\040\000t\000h\000e\000\040\000o\000s\000c\000i\000l\000l\000o\000s\000c\000o\000p\000e}{section*.17}% 22
\BOOKMARK [2][]{section*.23}{\376\377\000T\000R\000I\000G\000G\000E\000R\000\040\000:\000\040\000A\000l\000l\000o\000w\000s\000\040\000s\000e\000l\000e\000c\000t\000i\000n\000g\000\040\000t\000h\000e\000\040\000c\000h\000a\000n\000n\000e\000l\000\040\000t\000o\000\040\000t\000r\000i\000g\000g\000e\000r\000\040\000t\000h\000e\000\040\000o\000s\000c\000i\000l\000l\000o\000s\000c\000o\000p\000e}{section*.17}% 23
\BOOKMARK [2][]{section*.24}{\376\377\000T\000i\000m\000e\000B\000a\000s\000e\000\040\000:\000\040\000S\000p\000e\000c\000i\000f\000y\000\040\000t\000h\000e\000\040\000t\000i\000m\000e\000\040\000s\000c\000a\000l\000e\000\040\000f\000o\000r\000\040\000t\000h\000e\000\040\000d\000a\000t\000a\000\040\000a\000c\000q\000u\000i\000s\000i\000t\000i\000o\000n}{section*.17}% 24
\BOOKMARK [2][]{section*.25}{\376\377\000S\000i\000n\000e\000\040\000F\000i\000t\000\040\000:\000U\000s\000e\000s\000\040\000S\000c\000i\000p\000y\000\040\000t\000o\000\040\000f\000i\000t\000\040\000t\000h\000e\000\040\000d\000a\000t\000a\000\040\000a\000g\000a\000i\000n\000s\000t\000\040\000a\000\040\000s\000i\000n\000e\000\040\000f\000u\000n\000c\000t\000i\000o\000n}{section*.17}% 25
\BOOKMARK [2][]{section*.26}{\376\377\000L\000i\000s\000s\000a\000j\000o\000u\000s\000\040\000:\000\040\000X\000Y\000\040\000P\000l\000o\000t\000s}{section*.17}% 26
\BOOKMARK [1][]{section*.27}{\376\377\000I\000n\000t\000e\000r\000f\000a\000c\000i\000n\000g\000\040\000a\000\040\000n\000e\000w\000\040\000w\000i\000r\000e\000l\000e\000s\000s\000\040\000s\000u\000b\000m\000o\000d\000u\000l\000e\000\040\000c\000a\000r\000r\000y\000i\000n\000g\000\040\000a\000\040\000s\000e\000n\000s\000o\000r}{}% 27
\BOOKMARK [1][]{section*.28}{\376\377\000L\000o\000g\000g\000i\000n\000g\000\040\000D\000a\000t\000a\000\040\000f\000r\000o\000m\000\040\000a\000\040\000s\000e\000n\000s\000o\000r}{}% 28
\BOOKMARK [1][]{section*.29}{\376\377\000C\000h\000a\000n\000g\000i\000n\000g\000\040\000s\000e\000n\000s\000o\000r\000\040\000p\000a\000r\000a\000m\000e\000t\000e\000r\000s}{}% 29
\BOOKMARK [1][]{section*.30}{\376\377\000C\000h\000o\000o\000s\000i\000n\000g\000\040\000a\000\040\000c\000o\000m\000m\000a\000n\000d\000\040\000a\000n\000d\000\040\000s\000t\000a\000r\000t\000i\000n\000g\000\040\000t\000h\000e\000\040\000l\000o\000g\000g\000e\000r}{}% 30
\BOOKMARK [1][]{section*.31}{\376\377\000A\000d\000d\000i\000t\000i\000o\000n\000a\000l\000\040\000F\000u\000n\000c\000t\000i\000o\000n\000a\000l\000i\000t\000y\000\040\000A\000c\000c\000e\000s\000s\000i\000b\000l\000e\000\040\000t\000h\000r\000o\000u\000g\000h\000\040\000m\000e\000n\000u\000s}{}% 31
